<?xml version="1.0" encoding="UTF-8"?>
<!-- Generated by org.testng.reporters.JUnitXMLReporter -->
<testsuite ignored="1" hostname="LAPTOP-5KMFOFH9" failures="0" tests="4" name="Default test" time="0.109" errors="0" timestamp="2024-09-04T22:15:42 IST">
  <testcase classname="com.TestNGFramework.TestNGDemo4_disableTest" name="verifyApplication" time="0.013"/>
  <testcase classname="com.TestNGFramework.TestNGDemo4_disableTest" name="verifyCurrentUrl" time="0.002"/>
  <testcase classname="com.TestNGFramework.TestNGDemo4_disableTest" name="verifyTitle" time="0.002"/>
  <testcase classname="com.TestNGFramework.TestNGDemo4_disableTest" name="verifyLogin" time="0.001"/>
  <testcase classname="com.TestNGFramework.TestNGDemo4_disableTest" name="verifyLogout" time="0.0">
    <ignored/>
  </testcase> <!-- verifyLogout -->
</testsuite> <!-- Default test -->
