<?xml version="1.0" encoding="UTF-8"?>
<!-- Generated by org.testng.reporters.JUnitXMLReporter -->
<testsuite ignored="0" hostname="LAPTOP-5KMFOFH9" failures="0" tests="3" name="Default test" time="7.255" errors="0" timestamp="2024-09-09T22:00:18 IST">
  <testcase classname="com.TestNGFramework.Annotations.AnnotationCRMRealTimeScenario" name="verifySignIn" time="0.978"/>
  <testcase classname="com.TestNGFramework.Annotations.AnnotationCRMRealTimeScenario" name="validateLogin" time="0.869"/>
  <testcase classname="com.TestNGFramework.Annotations.AnnotationCRMRealTimeScenario" name="verifySignOut" time="0.597"/>
</testsuite> <!-- Default test -->
