<?xml version="1.0" encoding="UTF-8"?>
<!-- Generated by org.testng.reporters.JUnitXMLReporter -->
<testsuite ignored="0" hostname="LAPTOP-5KMFOFH9" failures="0" tests="3" name="CartTest" time="14.818" errors="0" timestamp="2024-09-11T21:14:16 IST">
  <testcase classname="com.SwagLabs.TestCases.CartPageTest" name="validateRemove" time="1.57"/>
  <testcase classname="com.SwagLabs.TestCases.CartPageTest" name="validateContinueShopping" time="4.957"/>
  <testcase classname="com.SwagLabs.TestCases.CartPageTest" name="navigateToCheckoutPage" time="0.131"/>
</testsuite> <!-- CartTest -->
