<?xml version="1.0" encoding="UTF-8"?>
<!-- Generated by org.testng.reporters.JUnitXMLReporter -->
<testsuite ignored="0" hostname="LAPTOP-5KMFOFH9" failures="0" tests="3" name="CartTest" time="15.895" errors="0" timestamp="2024-09-12T21:52:16 IST">
  <testcase classname="com.SwagLabs.TestCases.CartPageTest" name="validateRemove" time="1.598"/>
  <testcase classname="com.SwagLabs.TestCases.CartPageTest" name="validateContinueShopping" time="4.984"/>
  <testcase classname="com.SwagLabs.TestCases.CartPageTest" name="navigateToCheckoutPage" time="0.101"/>
</testsuite> <!-- CartTest -->
