<?xml version="1.0" encoding="UTF-8"?>
<!-- Generated by org.testng.reporters.JUnitXMLReporter -->
<testsuite ignored="0" hostname="LAPTOP-5KMFOFH9" failures="0" tests="4" name="InventoryTest" time="10.082" errors="0" timestamp="2024-09-10T22:24:58 IST">
  <testcase classname="com.SwagLabs.TestCases.InventoryPageTest" name="validateProductCount" time="0.036"/>
  <testcase classname="com.SwagLabs.TestCases.InventoryPageTest" name="validateProductDetails" time="0.167"/>
  <testcase classname="com.SwagLabs.TestCases.InventoryPageTest" name="validateAddToCart" time="0.435"/>
  <testcase classname="com.SwagLabs.TestCases.InventoryPageTest" name="validateCartPageInit" time="0.12"/>
</testsuite> <!-- InventoryTest -->
