<?xml version="1.0" encoding="UTF-8"?>
<!-- Generated by org.testng.reporters.JUnitXMLReporter -->
<testsuite ignored="0" hostname="LAPTOP-5KMFOFH9" failures="0" tests="3" name="LoginTest" time="4.307" errors="0" timestamp="2024-09-11T21:13:57 IST">
  <testcase classname="com.SwagLabs.TestCases.LoginPageTest" name="validateUrl" time="0.038"/>
  <testcase classname="com.SwagLabs.TestCases.LoginPageTest" name="validateTitle" time="0.016"/>
  <testcase classname="com.SwagLabs.TestCases.LoginPageTest" name="validateLogin" time="0.741"/>
</testsuite> <!-- LoginTest -->
