<?xml version="1.0" encoding="UTF-8"?>
<!-- Generated by org.testng.reporters.JUnitXMLReporter -->
<testsuite ignored="1" hostname="LAPTOP-5KMFOFH9" failures="0" tests="7" name="Test" time="4.082" errors="0" timestamp="2024-09-10T22:23:40 IST">
  <testcase classname="com.SwagLabs.TestCases.InventoryPageTest" name="@BeforeClass pageSetUp" time="0.001">
    <failure type="java.lang.NullPointerException" message="Cannot invoke &amp;quot;com.SwagLabs.Pages.LoginPage.doLogin(String, String)&amp;quot; because &amp;quot;this.lp&amp;quot; is null">
      <![CDATA[java.lang.NullPointerException: Cannot invoke "com.SwagLabs.Pages.LoginPage.doLogin(String, String)" because "this.lp" is null
at com.SwagLabs.TestCases.InventoryPageTest.pageSetUp(InventoryPageTest.java:17)
at java.base/java.util.ArrayList.forEach(ArrayList.java:1511)
... Removed 25 stack frames]]>
    </failure>
  </testcase> <!-- @BeforeClass pageSetUp -->
  <testcase classname="com.SwagLabs.TestCases.LoginPageTest" name="validateUrl" time="0.033"/>
  <testcase classname="com.SwagLabs.TestCases.LoginPageTest" name="validateTitle" time="0.018"/>
  <testcase classname="com.SwagLabs.TestCases.LoginPageTest" name="validateLogin" time="0.599"/>
  <testcase classname="com.SwagLabs.TestCases.InventoryPageTest" name="validateProductCount" time="0.0">
    <skipped/>
  </testcase> <!-- validateProductCount -->
  <testcase classname="com.SwagLabs.TestCases.InventoryPageTest" name="validateProductDetails" time="0.0">
    <skipped/>
  </testcase> <!-- validateProductDetails -->
  <testcase classname="com.SwagLabs.TestCases.InventoryPageTest" name="validateAddToCart" time="0.0">
    <skipped/>
  </testcase> <!-- validateAddToCart -->
  <testcase classname="com.SwagLabs.TestCases.InventoryPageTest" name="validateCartPageInit" time="0.0">
    <skipped/>
  </testcase> <!-- validateCartPageInit -->
  <testcase classname="com.SwagLabs.baseTest.BaseTest" name="@BeforeTest setUp" time="0.0">
    <ignored/>
  </testcase> <!-- @BeforeTest setUp -->
</testsuite> <!-- Test -->
