<?xml version="1.0" encoding="UTF-8"?>
<!-- Generated by org.testng.reporters.JUnitXMLReporter -->
<testsuite ignored="0" hostname="LAPTOP-5KMFOFH9" failures="1" tests="4" name="Test" time="7.186" errors="0" timestamp="2024-09-12T21:43:19 IST">
  <testcase classname="com.TestNGFramework.Listeners.CRMTest" name="testSignIn" time="0.876"/>
  <testcase classname="com.TestNGFramework.Listeners.CRMTest" name="testLogin" time="0.909"/>
  <testcase classname="com.TestNGFramework.Listeners.CRMTest" name="testTitle" time="0.209">
    <failure type="java.lang.AssertionError" message="Title is wrong expected [true] but found [false]">
      <![CDATA[java.lang.AssertionError: Title is wrong expected [true] but found [false]
at com.TestNGFramework.Listeners.CRMTest.testTitle(CRMTest.java:44)
at java.base/java.util.ArrayList.forEach(ArrayList.java:1511)
... Removed 30 stack frames]]>
    </failure>
  </testcase> <!-- testTitle -->
  <testcase classname="com.TestNGFramework.Listeners.CRMTest" name="testSignOut" time="0.0">
    <skipped/>
  </testcase> <!-- testSignOut -->
</testsuite> <!-- Test -->
