<?xml version="1.0" encoding="UTF-8"?>
<!-- Generated by org.testng.reporters.JUnitXMLReporter -->
<testsuite ignored="0" hostname="LAPTOP-5KMFOFH9" failures="0" tests="3" name="CartTest" time="15.174" errors="0" timestamp="2024-09-18T22:02:03 IST">
  <testcase classname="com.SwagLabs.TestCases.CartPageTest" name="validateRemove" time="1.577"/>
  <testcase classname="com.SwagLabs.TestCases.CartPageTest" name="validateContinueShopping" time="5.042"/>
  <testcase classname="com.SwagLabs.TestCases.CartPageTest" name="navigateToCheckoutPage" time="0.134"/>
</testsuite> <!-- CartTest -->
