<?xml version="1.0" encoding="UTF-8"?>
<!-- Generated by org.testng.reporters.JUnitXMLReporter -->
<testsuite ignored="0" hostname="LAPTOP-5KMFOFH9" failures="0" tests="4" name="InventoryTest" time="2.416" errors="0" timestamp="2024-09-24T12:26:12 IST">
  <testcase classname="com.SwagLabs.TestCases.InventoryPageTest" name="validateProductCount" time="0.017"/>
  <testcase classname="com.SwagLabs.TestCases.InventoryPageTest" name="validateProductDetails" time="0.079"/>
  <testcase classname="com.SwagLabs.TestCases.InventoryPageTest" name="validateAddToCart" time="0.178"/>
  <testcase classname="com.SwagLabs.TestCases.InventoryPageTest" name="validateCartPageInit" time="0.059"/>
</testsuite> <!-- InventoryTest -->
