<?xml version="1.0" encoding="UTF-8"?>
<!-- Generated by org.testng.reporters.JUnitXMLReporter -->
<testsuite ignored="0" hostname="LAPTOP-5KMFOFH9" failures="0" tests="3" name="LoginTest" time="4.607" errors="0" timestamp="2024-09-18T22:01:44 IST">
  <testcase classname="com.SwagLabs.TestCases.LoginPageTest" name="validateUrl" time="0.033"/>
  <testcase classname="com.SwagLabs.TestCases.LoginPageTest" name="validateTitle" time="0.011"/>
  <testcase classname="com.SwagLabs.TestCases.LoginPageTest" name="validateLogin" time="0.692"/>
</testsuite> <!-- LoginTest -->
