<?xml version="1.0" encoding="UTF-8"?>
<testsuite xmlns:xsi="http://www.w3.org/2001/XMLSchema-instance" xsi:noNamespaceSchemaLocation="https://maven.apache.org/surefire/maven-surefire-plugin/xsd/surefire-test-report.xsd" version="3.0.2" name="TestSuite" time="45.438" tests="13" errors="0" skipped="0" failures="0">
  <properties>
[...]
</properties>
  <testcase name="validateUrl" classname="com.SwagLabs.TestCases.LoginPageTest" time="0.04">
    <system-out><![CDATA[Execution started
Test execution started: validateUrl
Url is valid!
Test success: validateUrl
]]></system-out>
    <system-err><![CDATA[SLF4J: Failed to load class "org.slf4j.impl.StaticLoggerBinder".
SLF4J: Defaulting to no-operation (NOP) logger implementation
SLF4J: See http://www.slf4j.org/codes.html#StaticLoggerBinder for further details.
]]></system-err>
  </testcase>
  <testcase name="validateTitle" classname="com.SwagLabs.TestCases.LoginPageTest" time="0.014">
    <system-out><![CDATA[Test execution started: validateTitle
Title is valid!
Test success: validateTitle
]]></system-out>
  </testcase>
  <testcase name="validateLogin" classname="com.SwagLabs.TestCases.LoginPageTest" time="0.691">
    <system-out><![CDATA[Test execution started: validateLogin
Test success: validateLogin
]]></system-out>
  </testcase>
  <testcase name="validateProductCount" classname="com.SwagLabs.TestCases.InventoryPageTest" time="0.032">
    <system-out><![CDATA[Execution Finish
Execution started
Test execution started: validateProductCount
Product count is matched & Total Products are 6
Test success: validateProductCount
]]></system-out>
  </testcase>
  <testcase name="validateProductDetails" classname="com.SwagLabs.TestCases.InventoryPageTest" time="0.121">
    <system-out><![CDATA[Test execution started: validateProductDetails
*******Product Details*********
Sauce Labs Backpack
Sauce Labs Bike Light
Sauce Labs Bolt T-Shirt
Sauce Labs Fleece Jacket
Sauce Labs Onesie
Test.allTheThings() T-Shirt (Red)
Test success: validateProductDetails
]]></system-out>
  </testcase>
  <testcase name="validateAddToCart" classname="com.SwagLabs.TestCases.InventoryPageTest" time="0.322">
    <system-out><![CDATA[Test execution started: validateAddToCart
Product added to cart: Sauce Labs Fleece Jacket
Test success: validateAddToCart
]]></system-out>
  </testcase>
  <testcase name="validateCartPageInit" classname="com.SwagLabs.TestCases.InventoryPageTest" time="0.13">
    <system-out><![CDATA[Test execution started: validateCartPageInit
Test success: validateCartPageInit
]]></system-out>
  </testcase>
  <testcase name="validateRemove" classname="com.SwagLabs.TestCases.CartPageTest" time="1.578">
    <system-out><![CDATA[Execution Finish
Execution started
Product added to cart: Sauce Labs Fleece Jacket
Test execution started: validateRemove
Product removed from cart!
Test success: validateRemove
]]></system-out>
  </testcase>
  <testcase name="validateContinueShopping" classname="com.SwagLabs.TestCases.CartPageTest" time="5.043">
    <system-out><![CDATA[Test execution started: validateContinueShopping
Product added to cart: Sauce Labs Bolt T-Shirt
Test success: validateContinueShopping
]]></system-out>
  </testcase>
  <testcase name="navigateToCheckoutPage" classname="com.SwagLabs.TestCases.CartPageTest" time="0.139">
    <system-out><![CDATA[Test execution started: navigateToCheckoutPage
Test success: navigateToCheckoutPage
]]></system-out>
  </testcase>
  <testcase name="validateCheckOut" classname="com.SwagLabs.TestCases.CheckoutPageTest" time="0.657">
    <system-out><![CDATA[Execution Finish
Execution started
Product added to cart: Sauce Labs Fleece Jacket
Test execution started: validateCheckOut
Test success: validateCheckOut
]]></system-out>
  </testcase>
  <testcase name="validateSummary" classname="com.SwagLabs.TestCases.OverviewPageTest" time="0.045">
    <system-out><![CDATA[Execution Finish
Execution started
Product added to cart: Sauce Labs Fleece Jacket
Test execution started: validateSummary
*******Order Summary is*********
QTYDescription
1
Sauce Labs Fleece Jacket
It's not every day that you come across a midweight quarter-zip fleece jacket capable of handling everything from a relaxing day outdoors to a busy day at the office.
$49.99
Payment Information:
SauceCard #31337
Shipping Information:
Free Pony Express Delivery!
Price Total
Item total: $49.99
Tax: $4.00
Total: $53.99
Cancel
Finish
Test success: validateSummary
]]></system-out>
  </testcase>
  <testcase name="validateCompleteOrder" classname="com.SwagLabs.TestCases.OverviewPageTest" time="0.156">
    <system-out><![CDATA[Test execution started: validateCompleteOrder
Final Order status: Thank you for your order!
Test success: validateCompleteOrder
]]></system-out>
  </testcase>
</testsuite>