<?xml version="1.0" encoding="UTF-8"?>
<testng-results ignored="0" total="13" passed="13" failed="0" skipped="0">
  <reporter-output>
  </reporter-output>
  <suite started-at="2024-09-11T21:13:53 IST" name="Suite" finished-at="2024-09-11T21:14:36 IST" duration-ms="42776">
    <groups>
    </groups>
    <test started-at="2024-09-11T21:13:53 IST" name="LoginTest" finished-at="2024-09-11T21:13:57 IST" duration-ms="4307">
      <class name="com.SwagLabs.TestCases.LoginPageTest">
        <test-method is-config="true" signature="setUp()[pri:0, instance:com.SwagLabs.TestCases.LoginPageTest@1de5f259]" started-at="2024-09-11T21:13:53 IST" name="setUp" finished-at="2024-09-11T21:13:57 IST" duration-ms="3417" status="PASS">
          <reporter-output>
          </reporter-output>
        </test-method> <!-- setUp -->
        <test-method signature="validateUrl()[pri:1, instance:com.SwagLabs.TestCases.LoginPageTest@1de5f259]" started-at="2024-09-11T21:13:57 IST" name="validateUrl" finished-at="2024-09-11T21:13:57 IST" duration-ms="38" status="PASS">
          <reporter-output>
          </reporter-output>
        </test-method> <!-- validateUrl -->
        <test-method signature="validateTitle()[pri:2, instance:com.SwagLabs.TestCases.LoginPageTest@1de5f259]" started-at="2024-09-11T21:13:57 IST" name="validateTitle" finished-at="2024-09-11T21:13:57 IST" duration-ms="16" status="PASS">
          <reporter-output>
          </reporter-output>
        </test-method> <!-- validateTitle -->
        <test-method signature="validateLogin()[pri:3, instance:com.SwagLabs.TestCases.LoginPageTest@1de5f259]" started-at="2024-09-11T21:13:57 IST" name="validateLogin" finished-at="2024-09-11T21:13:57 IST" duration-ms="741" status="PASS">
          <reporter-output>
          </reporter-output>
        </test-method> <!-- validateLogin -->
      </class> <!-- com.SwagLabs.TestCases.LoginPageTest -->
    </test> <!-- LoginTest -->
    <test started-at="2024-09-11T21:13:58 IST" name="InventoryTest" finished-at="2024-09-11T21:14:01 IST" duration-ms="3880">
      <class name="com.SwagLabs.TestCases.InventoryPageTest">
        <test-method is-config="true" signature="setUp()[pri:0, instance:com.SwagLabs.TestCases.InventoryPageTest@537f60bf]" started-at="2024-09-11T21:13:58 IST" name="setUp" finished-at="2024-09-11T21:14:00 IST" duration-ms="2445" status="PASS">
          <reporter-output>
          </reporter-output>
        </test-method> <!-- setUp -->
        <test-method is-config="true" signature="pageSetUp()[pri:0, instance:com.SwagLabs.TestCases.InventoryPageTest@537f60bf]" started-at="2024-09-11T21:14:00 IST" name="pageSetUp" finished-at="2024-09-11T21:14:01 IST" duration-ms="849" status="PASS">
          <reporter-output>
          </reporter-output>
        </test-method> <!-- pageSetUp -->
        <test-method signature="validateProductCount()[pri:1, instance:com.SwagLabs.TestCases.InventoryPageTest@537f60bf]" started-at="2024-09-11T21:14:01 IST" name="validateProductCount" finished-at="2024-09-11T21:14:01 IST" duration-ms="32" status="PASS">
          <reporter-output>
          </reporter-output>
        </test-method> <!-- validateProductCount -->
        <test-method signature="validateProductDetails()[pri:2, instance:com.SwagLabs.TestCases.InventoryPageTest@537f60bf]" started-at="2024-09-11T21:14:01 IST" name="validateProductDetails" finished-at="2024-09-11T21:14:01 IST" duration-ms="189" status="PASS">
          <reporter-output>
          </reporter-output>
        </test-method> <!-- validateProductDetails -->
        <test-method signature="validateAddToCart()[pri:3, instance:com.SwagLabs.TestCases.InventoryPageTest@537f60bf]" started-at="2024-09-11T21:14:01 IST" name="validateAddToCart" finished-at="2024-09-11T21:14:01 IST" duration-ms="265" status="PASS">
          <reporter-output>
          </reporter-output>
        </test-method> <!-- validateAddToCart -->
        <test-method signature="validateCartPageInit()[pri:4, instance:com.SwagLabs.TestCases.InventoryPageTest@537f60bf]" started-at="2024-09-11T21:14:01 IST" name="validateCartPageInit" finished-at="2024-09-11T21:14:01 IST" duration-ms="88" status="PASS">
          <reporter-output>
          </reporter-output>
        </test-method> <!-- validateCartPageInit -->
      </class> <!-- com.SwagLabs.TestCases.InventoryPageTest -->
    </test> <!-- InventoryTest -->
    <test started-at="2024-09-11T21:14:01 IST" name="CartTest" finished-at="2024-09-11T21:14:16 IST" duration-ms="14818">
      <class name="com.SwagLabs.TestCases.CartPageTest">
        <test-method is-config="true" signature="setUp()[pri:0, instance:com.SwagLabs.TestCases.CartPageTest@4b45a2f5]" started-at="2024-09-11T21:14:01 IST" name="setUp" finished-at="2024-09-11T21:14:04 IST" duration-ms="2552" status="PASS">
          <reporter-output>
          </reporter-output>
        </test-method> <!-- setUp -->
        <test-method is-config="true" signature="pageSetup()[pri:0, instance:com.SwagLabs.TestCases.CartPageTest@4b45a2f5]" started-at="2024-09-11T21:14:04 IST" name="pageSetup" finished-at="2024-09-11T21:14:10 IST" duration-ms="5595" status="PASS">
          <reporter-output>
          </reporter-output>
        </test-method> <!-- pageSetup -->
        <test-method signature="validateRemove()[pri:1, instance:com.SwagLabs.TestCases.CartPageTest@4b45a2f5]" started-at="2024-09-11T21:14:10 IST" name="validateRemove" finished-at="2024-09-11T21:14:11 IST" duration-ms="1570" status="PASS">
          <reporter-output>
          </reporter-output>
        </test-method> <!-- validateRemove -->
        <test-method signature="validateContinueShopping()[pri:2, instance:com.SwagLabs.TestCases.CartPageTest@4b45a2f5]" started-at="2024-09-11T21:14:11 IST" name="validateContinueShopping" finished-at="2024-09-11T21:14:16 IST" duration-ms="4957" status="PASS">
          <reporter-output>
          </reporter-output>
        </test-method> <!-- validateContinueShopping -->
        <test-method signature="navigateToCheckoutPage()[pri:3, instance:com.SwagLabs.TestCases.CartPageTest@4b45a2f5]" started-at="2024-09-11T21:14:16 IST" name="navigateToCheckoutPage" finished-at="2024-09-11T21:14:16 IST" duration-ms="131" status="PASS">
          <reporter-output>
          </reporter-output>
        </test-method> <!-- navigateToCheckoutPage -->
      </class> <!-- com.SwagLabs.TestCases.CartPageTest -->
    </test> <!-- CartTest -->
    <test started-at="2024-09-11T21:14:16 IST" name="CheckcoutTest" finished-at="2024-09-11T21:14:27 IST" duration-ms="10478">
      <class name="com.SwagLabs.TestCases.CheckoutPageTest">
        <test-method is-config="true" signature="setUp()[pri:0, instance:com.SwagLabs.TestCases.CheckoutPageTest@13e344d]" started-at="2024-09-11T21:14:16 IST" name="setUp" finished-at="2024-09-11T21:14:20 IST" duration-ms="3899" status="PASS">
          <reporter-output>
          </reporter-output>
        </test-method> <!-- setUp -->
        <test-method is-config="true" signature="pageSetup()[pri:0, instance:com.SwagLabs.TestCases.CheckoutPageTest@13e344d]" started-at="2024-09-11T21:14:20 IST" name="pageSetup" finished-at="2024-09-11T21:14:26 IST" duration-ms="6106" status="PASS">
          <reporter-output>
          </reporter-output>
        </test-method> <!-- pageSetup -->
        <test-method signature="validateCheckOut()[pri:0, instance:com.SwagLabs.TestCases.CheckoutPageTest@13e344d]" started-at="2024-09-11T21:14:26 IST" name="validateCheckOut" finished-at="2024-09-11T21:14:27 IST" duration-ms="468" status="PASS">
          <reporter-output>
          </reporter-output>
        </test-method> <!-- validateCheckOut -->
      </class> <!-- com.SwagLabs.TestCases.CheckoutPageTest -->
    </test> <!-- CheckcoutTest -->
    <test started-at="2024-09-11T21:14:27 IST" name="OverviewTest" finished-at="2024-09-11T21:14:36 IST" duration-ms="9195">
      <class name="com.SwagLabs.TestCases.OverviewPageTest">
        <test-method is-config="true" signature="setUp()[pri:0, instance:com.SwagLabs.TestCases.OverviewPageTest@368247b9]" started-at="2024-09-11T21:14:27 IST" name="setUp" finished-at="2024-09-11T21:14:29 IST" duration-ms="2584" status="PASS">
          <reporter-output>
          </reporter-output>
        </test-method> <!-- setUp -->
        <test-method is-config="true" signature="pageSetup()[pri:0, instance:com.SwagLabs.TestCases.OverviewPageTest@368247b9]" started-at="2024-09-11T21:14:29 IST" name="pageSetup" finished-at="2024-09-11T21:14:36 IST" duration-ms="6310" status="PASS">
          <reporter-output>
          </reporter-output>
        </test-method> <!-- pageSetup -->
        <test-method signature="validateSummary()[pri:1, instance:com.SwagLabs.TestCases.OverviewPageTest@368247b9]" started-at="2024-09-11T21:14:36 IST" name="validateSummary" finished-at="2024-09-11T21:14:36 IST" duration-ms="66" status="PASS">
          <reporter-output>
          </reporter-output>
        </test-method> <!-- validateSummary -->
        <test-method signature="validateCompleteOrder()[pri:2, instance:com.SwagLabs.TestCases.OverviewPageTest@368247b9]" started-at="2024-09-11T21:14:36 IST" name="validateCompleteOrder" finished-at="2024-09-11T21:14:36 IST" duration-ms="226" status="PASS">
          <reporter-output>
          </reporter-output>
        </test-method> <!-- validateCompleteOrder -->
      </class> <!-- com.SwagLabs.TestCases.OverviewPageTest -->
    </test> <!-- OverviewTest -->
  </suite> <!-- Suite -->
</testng-results>
